[
    {
        "opcode": "mov",
        "addr": 0,
        "args": [
            32,
            31
        ]
    },
    {
        "opcode": "add",
        "addr": 1,
        "args": [
            31,
            33
        ]
    },
    {
        "opcode": "out_rel",
        "addr": 2,
        "args": [
            31
        ]
    },
    {
        "opcode": "cmp_rel_inc",
        "addr": 3,
        "args": [
            31,
            34
        ]
    },
    {
        "opcode": "je",
        "addr": 4,
        "args": [
            6
        ]
    },
    {
        "opcode": "jmp",
        "addr": 5,
        "args": [
            2
        ]
    },
    {
        "opcode": "mov",
        "addr": 6,
        "args": [
            35,
            31
        ]
    },
    {
        "opcode": "out_rel",
        "addr": 7,
        "args": [
            31
        ]
    },
    {
        "opcode": "cmp_rel_inc",
        "addr": 8,
        "args": [
            31,
            36
        ]
    },
    {
        "opcode": "je",
        "addr": 9,
        "args": [
            11
        ]
    },
    {
        "opcode": "jmp",
        "addr": 10,
        "args": [
            7
        ]
    },
    {
        "opcode": "in",
        "addr": 11,
        "args": [
            29
        ]
    },
    {
        "opcode": "save",
        "addr": 12,
        "args": [
            30
        ]
    },
    {
        "opcode": "in",
        "addr": 13,
        "args": [
            29
        ]
    },
    {
        "opcode": "out_char",
        "addr": 14,
        "args": [
            29
        ]
    },
    {
        "opcode": "add",
        "addr": 15,
        "args": [
            30,
            37
        ]
    },
    {
        "opcode": "cmp",
        "addr": 16,
        "args": [
            38,
            30
        ]
    },
    {
        "opcode": "je",
        "addr": 17,
        "args": [
            19
        ]
    },
    {
        "opcode": "jmp",
        "addr": 18,
        "args": [
            13
        ]
    },
    {
        "opcode": "hlt",
        "addr": 19,
        "args": []
    }
]