[
    {
        "opcode": "mov",
        "addr": 0,
        "args": [
            14,
            13
        ]
    },
    {
        "opcode": "add",
        "addr": 1,
        "args": [
            13,
            15
        ]
    },
    {
        "opcode": "out_rel",
        "addr": 2,
        "args": [
            13
        ]
    },
    {
        "opcode": "cmp_rel_inc",
        "addr": 3,
        "args": [
            13,
            16
        ]
    },
    {
        "opcode": "je",
        "addr": 4,
        "args": [
            6
        ]
    },
    {
        "opcode": "jmp",
        "addr": 5,
        "args": [
            2
        ]
    },
    {
        "opcode": "hlt",
        "addr": 6,
        "args": []
    }
]
