[
    {
        "opcode": "add",
        "addr": 0,
        "args": [
            0,
            2
        ]
    },
    {
        "opcode": "cmp",
        "addr": 1,
        "args": [
            2,
            1
        ]
    },
    {
        "opcode": "je",
        "addr": 2,
        "args": [
            5
        ]
    },
    {
        "opcode": "add",
        "addr": 3,
        "args": [
            2,
            3
        ]
    },
    {
        "opcode": "jmp",
        "addr": 4,
        "args": [
            0
        ]
    },
    {
        "opcode": "out",
        "addr": 5,
        "args": [
            0
        ]
    },
    {
        "opcode": "hlt",
        "addr": 6,
        "args": []
    }
]